<?xml version="1.0" encoding="UTF-8"?>
<!-- Generated by org.testng.reporters.JUnitReportReporter -->
<testsuite hostname="DESKTOP-2UONNJM" failures="0" tests="1" name="users.ListUserTest" time="4.510" errors="0" timestamp="2022-05-26T14:33:46 ICT" skipped="0">
  <testcase classname="users.ListUserTest" name="first" time="4.510"/>
  <system-out/>
</testsuite> <!-- users.ListUserTest -->
