<?xml version="1.0" encoding="UTF-8"?>
<!-- Generated by org.testng.reporters.JUnitReportReporter -->
<testsuite hostname="DESKTOP-2UONNJM" failures="0" tests="1" name="users.SingleUserTest" time="0.790" errors="0" timestamp="2022-05-26T14:33:46 ICT" skipped="0">
  <testcase classname="users.SingleUserTest" name="first" time="0.790"/>
  <system-out/>
</testsuite> <!-- users.SingleUserTest -->
